<?xml version="1.0" encoding="UTF-8"?>
<!-- Generated by org.testng.reporters.JUnitReportReporter -->
<testsuite hostname="TYSS-Channaveerayya" failures="0" tests="1" name="org.tyss.simulationProject.testcases.SimulateTransactionsTest" time="17.615" errors="0" timestamp="2024-07-29T15:47:15 IST" skipped="0">
  <testcase classname="org.tyss.simulationProject.testcases.SimulateTransactionsTest" name="simulateTransactionsTest" time="17.615"/>
</testsuite> <!-- org.tyss.simulationProject.testcases.SimulateTransactionsTest -->
