<?xml version="1.0" encoding="UTF-8"?>
<!-- Generated by org.testng.reporters.JUnitReportReporter -->
<testsuite hostname="TYSS-Channaveerayya" failures="0" tests="1" name="org.tyss.simulationProject.testcases.PushTransactionsToKafkaAndSimulateTest" time="14.920" errors="0" timestamp="2024-07-30T14:30:17 IST" skipped="0">
  <testcase classname="org.tyss.simulationProject.testcases.PushTransactionsToKafkaAndSimulateTest" name="pushTransactionsToKafkaAndSimulateTest" time="14.920"/>
</testsuite> <!-- org.tyss.simulationProject.testcases.PushTransactionsToKafkaAndSimulateTest -->
