<?xml version="1.0" encoding="UTF-8"?>
<!-- Generated by org.testng.reporters.JUnitReportReporter -->
<testsuite hostname="TYSS-Channaveerayya" failures="0" tests="1" name="org.tyss.simulationProject.testcases.NewTest" time="18.164" errors="0" timestamp="2024-07-30T13:54:27 IST" skipped="0">
  <testcase classname="org.tyss.simulationProject.testcases.NewTest" name="simulateTransactionsTest" time="18.164"/>
</testsuite> <!-- org.tyss.simulationProject.testcases.NewTest -->
